#2026 06 26 05:44:10.388#Z#DEBUG#ee763707-7121-11f1-8693-eeee0a91b9ef.epm-complete#flowable-async-job-executor-thread-18516#
[PollStageAppStatusExecution] 2a144cfe-0bac-4fca-8c6c-c01816ebdac8 [2026-06-26T05:43:31.700239] Added process: "web" (STDOUT, API)#
#2026 06 26 05:44:10.388#Z#DEBUG#ee763707-7121-11f1-8693-eeee0a91b9ef.epm-complete#flowable-async-job-executor-thread-18516#
[PollStageAppStatusExecution] 2a144cfe-0bac-4fca-8c6c-c01816ebdac8 [2026-06-26T05:43:31.708121] Created app with guid 2a144cfe-0bac-4fca-8c6c-c01816ebdac8 (STDOUT, API)#
#2026 06 26 05:44:10.388#Z#DEBUG#ee763707-7121-11f1-8693-eeee0a91b9ef.epm-complete#flowable-async-job-executor-thread-18516#
[PollStageAppStatusExecution] 2a144cfe-0bac-4fca-8c6c-c01816ebdac8 [2026-06-26T05:43:31.798483] Updating process: "web" (STDOUT, API)#
#2026 06 26 05:44:10.388#Z#DEBUG#ee763707-7121-11f1-8693-eeee0a91b9ef.epm-complete#flowable-async-job-executor-thread-18516#
[PollStageAppStatusExecution] 2a144cfe-0bac-4fca-8c6c-c01816ebdac8 [2026-06-26T05:43:31.893960] Scaling process: "web" (STDOUT, API)#
#2026 06 26 05:44:10.388#Z#DEBUG#ee763707-7121-11f1-8693-eeee0a91b9ef.epm-complete#flowable-async-job-executor-thread-18516#
[PollStageAppStatusExecution] 2a144cfe-0bac-4fca-8c6c-c01816ebdac8 [2026-06-26T05:43:50.365825] Uploading app package for app with guid 2a144cfe-0bac-4fca-8c6c-c01816ebdac8 (STDOUT, API)#
#2026 06 26 05:44:10.388#Z#DEBUG#ee763707-7121-11f1-8693-eeee0a91b9ef.epm-complete#flowable-async-job-executor-thread-18516#
[PollStageAppStatusExecution] 2a144cfe-0bac-4fca-8c6c-c01816ebdac8 [2026-06-26T05:43:50.571845] Updated app with guid 2a144cfe-0bac-4fca-8c6c-c01816ebdac8 ({"environment_variables"=>"[PRIVATE DATA HIDDEN]"}) (STDOUT, API)#
#2026 06 26 05:44:10.388#Z#DEBUG#ee763707-7121-11f1-8693-eeee0a91b9ef.epm-complete#flowable-async-job-executor-thread-18516#
[PollStageAppStatusExecution] 2a144cfe-0bac-4fca-8c6c-c01816ebdac8 [2026-06-26T05:44:00.475734] Creating build for app with guid 2a144cfe-0bac-4fca-8c6c-c01816ebdac8 (STDOUT, API)#
#2026 06 26 05:44:10.388#Z#DEBUG#ee763707-7121-11f1-8693-eeee0a91b9ef.epm-complete#flowable-async-job-executor-thread-18516#
[PollStageAppStatusExecution] 2a144cfe-0bac-4fca-8c6c-c01816ebdac8 [2026-06-26T05:44:01.727871] Downloading zero_trust_sidecar_buildpack_1_17... (STDOUT, STG)#
#2026 06 26 05:44:10.388#Z#DEBUG#ee763707-7121-11f1-8693-eeee0a91b9ef.epm-complete#flowable-async-job-executor-thread-18516#
[PollStageAppStatusExecution] 2a144cfe-0bac-4fca-8c6c-c01816ebdac8 [2026-06-26T05:44:01.727919] Downloading binary_buildpack... (STDOUT, STG)#
#2026 06 26 05:44:10.388#Z#DEBUG#ee763707-7121-11f1-8693-eeee0a91b9ef.epm-complete#flowable-async-job-executor-thread-18516#
[PollStageAppStatusExecution] 2a144cfe-0bac-4fca-8c6c-c01816ebdac8 [2026-06-26T05:44:01.727944] Downloading nodejs_buildpack... (STDOUT, STG)#
#2026 06 26 05:44:10.388#Z#DEBUG#ee763707-7121-11f1-8693-eeee0a91b9ef.epm-complete#flowable-async-job-executor-thread-18516#
[PollStageAppStatusExecution] 2a144cfe-0bac-4fca-8c6c-c01816ebdac8 [2026-06-26T05:44:01.727990] Downloading sap_java_buildpack_jakarta_2_62... (STDOUT, STG)#
#2026 06 26 05:44:10.388#Z#DEBUG#ee763707-7121-11f1-8693-eeee0a91b9ef.epm-complete#flowable-async-job-executor-thread-18516#
[PollStageAppStatusExecution] 2a144cfe-0bac-4fca-8c6c-c01816ebdac8 [2026-06-26T05:44:01.728007] Downloading staticfile_buildpack... (STDOUT, STG)#
#2026 06 26 05:44:10.388#Z#DEBUG#ee763707-7121-11f1-8693-eeee0a91b9ef.epm-complete#flowable-async-job-executor-thread-18516#
[PollStageAppStatusExecution] 2a144cfe-0bac-4fca-8c6c-c01816ebdac8 [2026-06-26T05:44:01.751168] Downloaded staticfile_buildpack (STDOUT, STG)#
#2026 06 26 05:44:10.388#Z#DEBUG#ee763707-7121-11f1-8693-eeee0a91b9ef.epm-complete#flowable-async-job-executor-thread-18516#
[PollStageAppStatusExecution] 2a144cfe-0bac-4fca-8c6c-c01816ebdac8 [2026-06-26T05:44:01.751184] Downloaded sap_java_buildpack_jakarta_2_62 (STDOUT, STG)#
#2026 06 26 05:44:10.388#Z#DEBUG#ee763707-7121-11f1-8693-eeee0a91b9ef.epm-complete#flowable-async-job-executor-thread-18516#
[PollStageAppStatusExecution] 2a144cfe-0bac-4fca-8c6c-c01816ebdac8 [2026-06-26T05:44:01.751202] Downloading sap_java_buildpack_jakarta... (STDOUT, STG)#
#2026 06 26 05:44:10.388#Z#DEBUG#ee763707-7121-11f1-8693-eeee0a91b9ef.epm-complete#flowable-async-job-executor-thread-18516#
[PollStageAppStatusExecution] 2a144cfe-0bac-4fca-8c6c-c01816ebdac8 [2026-06-26T05:44:01.751202] Downloading java_buildpack_v5_preview... (STDOUT, STG)#
#2026 06 26 05:44:10.388#Z#DEBUG#ee763707-7121-11f1-8693-eeee0a91b9ef.epm-complete#flowable-async-job-executor-thread-18516#
[PollStageAppStatusExecution] 2a144cfe-0bac-4fca-8c6c-c01816ebdac8 [2026-06-26T05:44:01.751870] Downloaded zero_trust_sidecar_buildpack_1_17 (STDOUT, STG)#
#2026 06 26 05:44:10.388#Z#DEBUG#ee763707-7121-11f1-8693-eeee0a91b9ef.epm-complete#flowable-async-job-executor-thread-18516#
[PollStageAppStatusExecution] 2a144cfe-0bac-4fca-8c6c-c01816ebdac8 [2026-06-26T05:44:01.751891] Downloading python_buildpack... (STDOUT, STG)#
#2026 06 26 05:44:10.388#Z#DEBUG#ee763707-7121-11f1-8693-eeee0a91b9ef.epm-complete#flowable-async-job-executor-thread-18516#
[PollStageAppStatusExecution] 2a144cfe-0bac-4fca-8c6c-c01816ebdac8 [2026-06-26T05:44:01.752296] Downloaded nodejs_buildpack (STDOUT, STG)#
#2026 06 26 05:44:10.388#Z#DEBUG#ee763707-7121-11f1-8693-eeee0a91b9ef.epm-complete#flowable-async-job-executor-thread-18516#
[PollStageAppStatusExecution] 2a144cfe-0bac-4fca-8c6c-c01816ebdac8 [2026-06-26T05:44:01.752314] Downloading go_buildpack... (STDOUT, STG)#
#2026 06 26 05:44:10.388#Z#DEBUG#ee763707-7121-11f1-8693-eeee0a91b9ef.epm-complete#flowable-async-job-executor-thread-18516#
[PollStageAppStatusExecution] 2a144cfe-0bac-4fca-8c6c-c01816ebdac8 [2026-06-26T05:44:01.753177] Downloaded binary_buildpack (STDOUT, STG)#
#2026 06 26 05:44:10.388#Z#DEBUG#ee763707-7121-11f1-8693-eeee0a91b9ef.epm-complete#flowable-async-job-executor-thread-18516#
[PollStageAppStatusExecution] 2a144cfe-0bac-4fca-8c6c-c01816ebdac8 [2026-06-26T05:44:01.753196] Downloading sap_java_buildpack_jakarta_2_63... (STDOUT, STG)#
#2026 06 26 05:44:10.388#Z#DEBUG#ee763707-7121-11f1-8693-eeee0a91b9ef.epm-complete#flowable-async-job-executor-thread-18516#
[PollStageAppStatusExecution] 2a144cfe-0bac-4fca-8c6c-c01816ebdac8 [2026-06-26T05:44:01.768904] Downloaded sap_java_buildpack_jakarta (STDOUT, STG)#
#2026 06 26 05:44:10.388#Z#DEBUG#ee763707-7121-11f1-8693-eeee0a91b9ef.epm-complete#flowable-async-job-executor-thread-18516#
[PollStageAppStatusExecution] 2a144cfe-0bac-4fca-8c6c-c01816ebdac8 [2026-06-26T05:44:01.771397] Downloaded python_buildpack (STDOUT, STG)#
#2026 06 26 05:44:10.388#Z#DEBUG#ee763707-7121-11f1-8693-eeee0a91b9ef.epm-complete#flowable-async-job-executor-thread-18516#
[PollStageAppStatusExecution] 2a144cfe-0bac-4fca-8c6c-c01816ebdac8 [2026-06-26T05:44:01.771415] Downloading php_buildpack... (STDOUT, STG)#
#2026 06 26 05:44:10.388#Z#DEBUG#ee763707-7121-11f1-8693-eeee0a91b9ef.epm-complete#flowable-async-job-executor-thread-18516#
[PollStageAppStatusExecution] 2a144cfe-0bac-4fca-8c6c-c01816ebdac8 [2026-06-26T05:44:01.772215] Downloaded go_buildpack (STDOUT, STG)#
#2026 06 26 05:44:10.388#Z#DEBUG#ee763707-7121-11f1-8693-eeee0a91b9ef.epm-complete#flowable-async-job-executor-thread-18516#
[PollStageAppStatusExecution] 2a144cfe-0bac-4fca-8c6c-c01816ebdac8 [2026-06-26T05:44:01.772231] Downloading zero_trust_sidecar_buildpack_1_15... (STDOUT, STG)#
#2026 06 26 05:44:10.388#Z#DEBUG#ee763707-7121-11f1-8693-eeee0a91b9ef.epm-complete#flowable-async-job-executor-thread-18516#
[PollStageAppStatusExecution] 2a144cfe-0bac-4fca-8c6c-c01816ebdac8 [2026-06-26T05:44:01.772942] Downloaded sap_java_buildpack_jakarta_2_63 (STDOUT, STG)#
#2026 06 26 05:44:10.388#Z#DEBUG#ee763707-7121-11f1-8693-eeee0a91b9ef.epm-complete#flowable-async-job-executor-thread-18516#
[PollStageAppStatusExecution] 2a144cfe-0bac-4fca-8c6c-c01816ebdac8 [2026-06-26T05:44:01.772963] Downloading sap_java_buildpack_jakarta_2_59... (STDOUT, STG)#
#2026 06 26 05:44:10.388#Z#DEBUG#ee763707-7121-11f1-8693-eeee0a91b9ef.epm-complete#flowable-async-job-executor-thread-18516#
[PollStageAppStatusExecution] 2a144cfe-0bac-4fca-8c6c-c01816ebdac8 [2026-06-26T05:44:01.773391] Downloaded java_buildpack_v5_preview (STDOUT, STG)#
#2026 06 26 05:44:10.388#Z#DEBUG#ee763707-7121-11f1-8693-eeee0a91b9ef.epm-complete#flowable-async-job-executor-thread-18516#
[PollStageAppStatusExecution] 2a144cfe-0bac-4fca-8c6c-c01816ebdac8 [2026-06-26T05:44:01.773414] Downloading nginx_buildpack... (STDOUT, STG)#
#2026 06 26 05:44:10.388#Z#DEBUG#ee763707-7121-11f1-8693-eeee0a91b9ef.epm-complete#flowable-async-job-executor-thread-18516#
[PollStageAppStatusExecution] 2a144cfe-0bac-4fca-8c6c-c01816ebdac8 [2026-06-26T05:44:01.790628] Downloading zero_trust_sidecar_buildpack_1_16... (STDOUT, STG)#
#2026 06 26 05:44:10.388#Z#DEBUG#ee763707-7121-11f1-8693-eeee0a91b9ef.epm-complete#flowable-async-job-executor-thread-18516#
[PollStageAppStatusExecution] 2a144cfe-0bac-4fca-8c6c-c01816ebdac8 [2026-06-26T05:44:01.790675] Downloaded php_buildpack (STDOUT, STG)#
#2026 06 26 05:44:10.388#Z#DEBUG#ee763707-7121-11f1-8693-eeee0a91b9ef.epm-complete#flowable-async-job-executor-thread-18516#
[PollStageAppStatusExecution] 2a144cfe-0bac-4fca-8c6c-c01816ebdac8 [2026-06-26T05:44:01.790705] Downloading java_buildpack... (STDOUT, STG)#
#2026 06 26 05:44:10.388#Z#DEBUG#ee763707-7121-11f1-8693-eeee0a91b9ef.epm-complete#flowable-async-job-executor-thread-18516#
[PollStageAppStatusExecution] 2a144cfe-0bac-4fca-8c6c-c01816ebdac8 [2026-06-26T05:44:01.792194] Downloaded zero_trust_sidecar_buildpack_1_15 (STDOUT, STG)#
#2026 06 26 05:44:10.388#Z#DEBUG#ee763707-7121-11f1-8693-eeee0a91b9ef.epm-complete#flowable-async-job-executor-thread-18516#
[PollStageAppStatusExecution] 2a144cfe-0bac-4fca-8c6c-c01816ebdac8 [2026-06-26T05:44:01.792215] Downloading zero_trust_sidecar_buildpack... (STDOUT, STG)#
#2026 06 26 05:44:10.388#Z#DEBUG#ee763707-7121-11f1-8693-eeee0a91b9ef.epm-complete#flowable-async-job-executor-thread-18516#
[PollStageAppStatusExecution] 2a144cfe-0bac-4fca-8c6c-c01816ebdac8 [2026-06-26T05:44:01.793463] Downloaded nginx_buildpack (STDOUT, STG)#
#2026 06 26 05:44:10.388#Z#DEBUG#ee763707-7121-11f1-8693-eeee0a91b9ef.epm-complete#flowable-async-job-executor-thread-18516#
[PollStageAppStatusExecution] 2a144cfe-0bac-4fca-8c6c-c01816ebdac8 [2026-06-26T05:44:01.800510] Downloaded sap_java_buildpack_jakarta_2_59 (STDOUT, STG)#
#2026 06 26 05:44:10.388#Z#DEBUG#ee763707-7121-11f1-8693-eeee0a91b9ef.epm-complete#flowable-async-job-executor-thread-18516#
[PollStageAppStatusExecution] 2a144cfe-0bac-4fca-8c6c-c01816ebdac8 [2026-06-26T05:44:01.809044] Downloaded java_buildpack (STDOUT, STG)#
#2026 06 26 05:44:10.388#Z#DEBUG#ee763707-7121-11f1-8693-eeee0a91b9ef.epm-complete#flowable-async-job-executor-thread-18516#
[PollStageAppStatusExecution] 2a144cfe-0bac-4fca-8c6c-c01816ebdac8 [2026-06-26T05:44:01.811680] Downloaded zero_trust_sidecar_buildpack_1_16 (STDOUT, STG)#
#2026 06 26 05:44:10.388#Z#DEBUG#ee763707-7121-11f1-8693-eeee0a91b9ef.epm-complete#flowable-async-job-executor-thread-18516#
[PollStageAppStatusExecution] 2a144cfe-0bac-4fca-8c6c-c01816ebdac8 [2026-06-26T05:44:01.818403] Downloaded zero_trust_sidecar_buildpack (STDOUT, STG)#
#2026 06 26 05:44:10.388#Z#DEBUG#ee763707-7121-11f1-8693-eeee0a91b9ef.epm-complete#flowable-async-job-executor-thread-18516#
[PollStageAppStatusExecution] 2a144cfe-0bac-4fca-8c6c-c01816ebdac8 [2026-06-26T05:44:01.818455] Cell 4401fcd0-006d-4ceb-9b51-aa22a1b186cf creating container for instance 9213cf39-eafb-4317-ba88-0f14540d72a2 (STDOUT, STG)#
#2026 06 26 05:44:10.388#Z#DEBUG#ee763707-7121-11f1-8693-eeee0a91b9ef.epm-complete#flowable-async-job-executor-thread-18516#
[PollStageAppStatusExecution] 2a144cfe-0bac-4fca-8c6c-c01816ebdac8 [2026-06-26T05:44:02.604168] Security group rules were updated (STDOUT, STG)#
#2026 06 26 05:44:10.388#Z#DEBUG#ee763707-7121-11f1-8693-eeee0a91b9ef.epm-complete#flowable-async-job-executor-thread-18516#
[PollStageAppStatusExecution] 2a144cfe-0bac-4fca-8c6c-c01816ebdac8 [2026-06-26T05:44:02.710912] Cell 4401fcd0-006d-4ceb-9b51-aa22a1b186cf successfully created container for instance 9213cf39-eafb-4317-ba88-0f14540d72a2 (STDOUT, STG)#
#2026 06 26 05:44:10.388#Z#DEBUG#ee763707-7121-11f1-8693-eeee0a91b9ef.epm-complete#flowable-async-job-executor-thread-18516#
[PollStageAppStatusExecution] 2a144cfe-0bac-4fca-8c6c-c01816ebdac8 [2026-06-26T05:44:04.242530] Downloading app package... (STDOUT, STG)#
#2026 06 26 05:44:10.388#Z#DEBUG#ee763707-7121-11f1-8693-eeee0a91b9ef.epm-complete#flowable-async-job-executor-thread-18516#
[PollStageAppStatusExecution] 2a144cfe-0bac-4fca-8c6c-c01816ebdac8 [2026-06-26T05:44:04.294327] Downloaded app package (27.8K) (STDOUT, STG)#
#2026 06 26 05:44:10.388#Z#DEBUG#ee763707-7121-11f1-8693-eeee0a91b9ef.epm-complete#flowable-async-job-executor-thread-18516#
[PollStageAppStatusExecution] 2a144cfe-0bac-4fca-8c6c-c01816ebdac8 [2026-06-26T05:44:04.848093] -----> Nodejs Buildpack version 1.9.2 (STDOUT, STG)#
#2026 06 26 05:44:10.388#Z#DEBUG#ee763707-7121-11f1-8693-eeee0a91b9ef.epm-complete#flowable-async-job-executor-thread-18516#
[PollStageAppStatusExecution] 2a144cfe-0bac-4fca-8c6c-c01816ebdac8 [2026-06-26T05:44:04.848954] -----> Bootstrapping python (STDOUT, STG)#
#2026 06 26 05:44:10.388#Z#DEBUG#ee763707-7121-11f1-8693-eeee0a91b9ef.epm-complete#flowable-async-job-executor-thread-18516#
[PollStageAppStatusExecution] 2a144cfe-0bac-4fca-8c6c-c01816ebdac8 [2026-06-26T05:44:04.848968] -----> Installing python 3.13.13 (STDOUT, STG)#
#2026 06 26 05:44:10.388#Z#DEBUG#ee763707-7121-11f1-8693-eeee0a91b9ef.epm-complete#flowable-async-job-executor-thread-18516#
[PollStageAppStatusExecution] 2a144cfe-0bac-4fca-8c6c-c01816ebdac8 [2026-06-26T05:44:04.849237] Copy [/tmp/buildpacks/ba6f4cd24dfd2bf0/dependencies/268a5e3743d51a14b86ea9da64439307/python_3.13.13_linux_x64_cflinuxfs4_8311abbf.tgz] (STDOUT, STG)#
#2026 06 26 05:44:10.388#Z#DEBUG#ee763707-7121-11f1-8693-eeee0a91b9ef.epm-complete#flowable-async-job-executor-thread-18516#
[PollStageAppStatusExecution] 2a144cfe-0bac-4fca-8c6c-c01816ebdac8 [2026-06-26T05:44:09.593393] -----> Installing binaries (STDOUT, STG)#
#2026 06 26 05:44:10.388#Z#DEBUG#ee763707-7121-11f1-8693-eeee0a91b9ef.epm-complete#flowable-async-job-executor-thread-18516#
[PollStageAppStatusExecution] 2a144cfe-0bac-4fca-8c6c-c01816ebdac8 [2026-06-26T05:44:09.593477] engines.node (package.json): unspecified (STDOUT, STG)#
#2026 06 26 05:44:10.388#Z#DEBUG#ee763707-7121-11f1-8693-eeee0a91b9ef.epm-complete#flowable-async-job-executor-thread-18516#
[PollStageAppStatusExecution] 2a144cfe-0bac-4fca-8c6c-c01816ebdac8 [2026-06-26T05:44:09.593485] engines.npm (package.json): unspecified (use default) (STDOUT, STG)#
#2026 06 26 05:44:10.388#Z#DEBUG#ee763707-7121-11f1-8693-eeee0a91b9ef.epm-complete#flowable-async-job-executor-thread-18516#
[PollStageAppStatusExecution] 2a144cfe-0bac-4fca-8c6c-c01816ebdac8 [2026-06-26T05:44:09.593502] [31;1m**WARNING**[0m Node version not specified in package.json or .nvmrc. See: http://docs.cloudfoundry.org/buildpacks/node/node-tips.html (STDOUT, STG)#
#2026 06 26 05:44:10.388#Z#DEBUG#ee763707-7121-11f1-8693-eeee0a91b9ef.epm-complete#flowable-async-job-executor-thread-18516#
[PollStageAppStatusExecution] 2a144cfe-0bac-4fca-8c6c-c01816ebdac8 [2026-06-26T05:44:09.593590] -----> Installing node 22.22.2 (STDOUT, STG)#
#2026 06 26 05:44:10.388#Z#DEBUG#ee763707-7121-11f1-8693-eeee0a91b9ef.epm-complete#flowable-async-job-executor-thread-18516#
[PollStageAppStatusExecution] 2a144cfe-0bac-4fca-8c6c-c01816ebdac8 [2026-06-26T05:44:09.593775] Copy [/tmp/buildpacks/ba6f4cd24dfd2bf0/dependencies/5deea320c19fa94e977cff523ac00f82/node_22.22.2_linux_x64_cflinuxfs4_e5459374.tgz] (STDOUT, STG)#
#2026 06 26 05:44:20.319#Z#DEBUG#ee763707-7121-11f1-8693-eeee0a91b9ef.epm-complete#flowable-async-job-executor-thread-18518#
[PollStageAppStatusExecution] 2a144cfe-0bac-4fca-8c6c-c01816ebdac8 [2026-06-26T05:44:12.401267] Using default npm version: 10.9.7 (STDOUT, STG)#
#2026 06 26 05:44:20.319#Z#DEBUG#ee763707-7121-11f1-8693-eeee0a91b9ef.epm-complete#flowable-async-job-executor-thread-18518#
[PollStageAppStatusExecution] 2a144cfe-0bac-4fca-8c6c-c01816ebdac8 [2026-06-26T05:44:12.401317] -----> Installing yarn 1.22.22 (STDOUT, STG)#
#2026 06 26 05:44:20.319#Z#DEBUG#ee763707-7121-11f1-8693-eeee0a91b9ef.epm-complete#flowable-async-job-executor-thread-18518#
[PollStageAppStatusExecution] 2a144cfe-0bac-4fca-8c6c-c01816ebdac8 [2026-06-26T05:44:12.401498] Copy [/tmp/buildpacks/ba6f4cd24dfd2bf0/dependencies/e4fe26756e9984a665478d350474fa2e/yarn_1.22.22_linux_noarch_any-stack_b6132b86.tgz] (STDOUT, STG)#
#2026 06 26 05:44:20.319#Z#DEBUG#ee763707-7121-11f1-8693-eeee0a91b9ef.epm-complete#flowable-async-job-executor-thread-18518#
[PollStageAppStatusExecution] 2a144cfe-0bac-4fca-8c6c-c01816ebdac8 [2026-06-26T05:44:12.779584] Installed yarn 1.22.22 (STDOUT, STG)#
#2026 06 26 05:44:20.319#Z#DEBUG#ee763707-7121-11f1-8693-eeee0a91b9ef.epm-complete#flowable-async-job-executor-thread-18518#
[PollStageAppStatusExecution] 2a144cfe-0bac-4fca-8c6c-c01816ebdac8 [2026-06-26T05:44:12.779597] -----> Creating runtime environment (STDOUT, STG)#
#2026 06 26 05:44:20.319#Z#DEBUG#ee763707-7121-11f1-8693-eeee0a91b9ef.epm-complete#flowable-async-job-executor-thread-18518#
[PollStageAppStatusExecution] 2a144cfe-0bac-4fca-8c6c-c01816ebdac8 [2026-06-26T05:44:12.781346] [34;1mPRO TIP:[0m It is recommended to vendor the application's Node.js dependencies (STDOUT, STG)#
#2026 06 26 05:44:20.319#Z#DEBUG#ee763707-7121-11f1-8693-eeee0a91b9ef.epm-complete#flowable-async-job-executor-thread-18518#
[PollStageAppStatusExecution] 2a144cfe-0bac-4fca-8c6c-c01816ebdac8 [2026-06-26T05:44:12.781358] Visit http://docs.cloudfoundry.org/buildpacks/node/index.html#vendoring (STDOUT, STG)#
#2026 06 26 05:44:20.319#Z#DEBUG#ee763707-7121-11f1-8693-eeee0a91b9ef.epm-complete#flowable-async-job-executor-thread-18518#
[PollStageAppStatusExecution] 2a144cfe-0bac-4fca-8c6c-c01816ebdac8 [2026-06-26T05:44:12.781362] NODE_ENV=production (STDOUT, STG)#
#2026 06 26 05:44:20.319#Z#DEBUG#ee763707-7121-11f1-8693-eeee0a91b9ef.epm-complete#flowable-async-job-executor-thread-18518#
[PollStageAppStatusExecution] 2a144cfe-0bac-4fca-8c6c-c01816ebdac8 [2026-06-26T05:44:12.781365] NODE_HOME=/tmp/contents2219243186/deps/0/node (STDOUT, STG)#
#2026 06 26 05:44:20.319#Z#DEBUG#ee763707-7121-11f1-8693-eeee0a91b9ef.epm-complete#flowable-async-job-executor-thread-18518#
[PollStageAppStatusExecution] 2a144cfe-0bac-4fca-8c6c-c01816ebdac8 [2026-06-26T05:44:12.781383] NODE_MODULES_CACHE=true (STDOUT, STG)#
#2026 06 26 05:44:20.319#Z#DEBUG#ee763707-7121-11f1-8693-eeee0a91b9ef.epm-complete#flowable-async-job-executor-thread-18518#
[PollStageAppStatusExecution] 2a144cfe-0bac-4fca-8c6c-c01816ebdac8 [2026-06-26T05:44:12.781386] NODE_VERBOSE=false (STDOUT, STG)#
#2026 06 26 05:44:20.319#Z#DEBUG#ee763707-7121-11f1-8693-eeee0a91b9ef.epm-complete#flowable-async-job-executor-thread-18518#
[PollStageAppStatusExecution] 2a144cfe-0bac-4fca-8c6c-c01816ebdac8 [2026-06-26T05:44:12.781389] NPM_CONFIG_LOGLEVEL=error (STDOUT, STG)#
#2026 06 26 05:44:20.319#Z#DEBUG#ee763707-7121-11f1-8693-eeee0a91b9ef.epm-complete#flowable-async-job-executor-thread-18518#
[PollStageAppStatusExecution] 2a144cfe-0bac-4fca-8c6c-c01816ebdac8 [2026-06-26T05:44:12.781391] NPM_CONFIG_PRODUCTION=true (STDOUT, STG)#
#2026 06 26 05:44:20.319#Z#DEBUG#ee763707-7121-11f1-8693-eeee0a91b9ef.epm-complete#flowable-async-job-executor-thread-18518#
[PollStageAppStatusExecution] 2a144cfe-0bac-4fca-8c6c-c01816ebdac8 [2026-06-26T05:44:12.781480] -----> Building dependencies (STDOUT, STG)#
#2026 06 26 05:44:20.319#Z#DEBUG#ee763707-7121-11f1-8693-eeee0a91b9ef.epm-complete#flowable-async-job-executor-thread-18518#
[PollStageAppStatusExecution] 2a144cfe-0bac-4fca-8c6c-c01816ebdac8 [2026-06-26T05:44:12.781508] Installing node modules (package.json + package-lock.json) (STDOUT, STG)#
#2026 06 26 05:44:20.319#Z#DEBUG#ee763707-7121-11f1-8693-eeee0a91b9ef.epm-complete#flowable-async-job-executor-thread-18518#
[PollStageAppStatusExecution] 2a144cfe-0bac-4fca-8c6c-c01816ebdac8 [2026-06-26T05:44:17.824691] added 205 packages, and audited 349 packages in 5s (STDOUT, STG)#
#2026 06 26 05:44:20.319#Z#DEBUG#ee763707-7121-11f1-8693-eeee0a91b9ef.epm-complete#flowable-async-job-executor-thread-18518#
[PollStageAppStatusExecution] 2a144cfe-0bac-4fca-8c6c-c01816ebdac8 [2026-06-26T05:44:17.824805] 45 packages are looking for funding (STDOUT, STG)#
#2026 06 26 05:44:20.319#Z#DEBUG#ee763707-7121-11f1-8693-eeee0a91b9ef.epm-complete#flowable-async-job-executor-thread-18518#
[PollStageAppStatusExecution] 2a144cfe-0bac-4fca-8c6c-c01816ebdac8 [2026-06-26T05:44:17.824859] run `npm fund` for details (STDOUT, STG)#
#2026 06 26 05:44:20.319#Z#DEBUG#ee763707-7121-11f1-8693-eeee0a91b9ef.epm-complete#flowable-async-job-executor-thread-18518#
[PollStageAppStatusExecution] 2a144cfe-0bac-4fca-8c6c-c01816ebdac8 [2026-06-26T05:44:17.842714] 4 high severity vulnerabilities (STDOUT, STG)#
#2026 06 26 05:44:20.319#Z#DEBUG#ee763707-7121-11f1-8693-eeee0a91b9ef.epm-complete#flowable-async-job-executor-thread-18518#
[PollStageAppStatusExecution] 2a144cfe-0bac-4fca-8c6c-c01816ebdac8 [2026-06-26T05:44:17.842731] To address issues that do not require attention, run: (STDOUT, STG)#
#2026 06 26 05:44:20.319#Z#DEBUG#ee763707-7121-11f1-8693-eeee0a91b9ef.epm-complete#flowable-async-job-executor-thread-18518#
[PollStageAppStatusExecution] 2a144cfe-0bac-4fca-8c6c-c01816ebdac8 [2026-06-26T05:44:17.842735] npm audit fix (STDOUT, STG)#
#2026 06 26 05:44:20.319#Z#DEBUG#ee763707-7121-11f1-8693-eeee0a91b9ef.epm-complete#flowable-async-job-executor-thread-18518#
[PollStageAppStatusExecution] 2a144cfe-0bac-4fca-8c6c-c01816ebdac8 [2026-06-26T05:44:17.842740] To address all issues (including breaking changes), run: (STDOUT, STG)#
#2026 06 26 05:44:20.319#Z#DEBUG#ee763707-7121-11f1-8693-eeee0a91b9ef.epm-complete#flowable-async-job-executor-thread-18518#
[PollStageAppStatusExecution] 2a144cfe-0bac-4fca-8c6c-c01816ebdac8 [2026-06-26T05:44:17.842742] npm audit fix --force (STDOUT, STG)#
#2026 06 26 05:44:20.319#Z#DEBUG#ee763707-7121-11f1-8693-eeee0a91b9ef.epm-complete#flowable-async-job-executor-thread-18518#
[PollStageAppStatusExecution] 2a144cfe-0bac-4fca-8c6c-c01816ebdac8 [2026-06-26T05:44:17.842745] Run `npm audit` for details. (STDOUT, STG)#
#2026 06 26 05:44:20.319#Z#DEBUG#ee763707-7121-11f1-8693-eeee0a91b9ef.epm-complete#flowable-async-job-executor-thread-18518#
[PollStageAppStatusExecution] 2a144cfe-0bac-4fca-8c6c-c01816ebdac8 [2026-06-26T05:44:17.844222] npm notice (STDOUT, STG)#
#2026 06 26 05:44:20.319#Z#DEBUG#ee763707-7121-11f1-8693-eeee0a91b9ef.epm-complete#flowable-async-job-executor-thread-18518#
[PollStageAppStatusExecution] 2a144cfe-0bac-4fca-8c6c-c01816ebdac8 [2026-06-26T05:44:17.844238] npm notice New major version of npm available! 10.9.7 -> 11.17.0 (STDOUT, STG)#
#2026 06 26 05:44:20.319#Z#DEBUG#ee763707-7121-11f1-8693-eeee0a91b9ef.epm-complete#flowable-async-job-executor-thread-18518#
[PollStageAppStatusExecution] 2a144cfe-0bac-4fca-8c6c-c01816ebdac8 [2026-06-26T05:44:17.844242] npm notice Changelog: https://github.com/npm/cli/releases/tag/v11.17.0 (STDOUT, STG)#
#2026 06 26 05:44:20.319#Z#DEBUG#ee763707-7121-11f1-8693-eeee0a91b9ef.epm-complete#flowable-async-job-executor-thread-18518#
[PollStageAppStatusExecution] 2a144cfe-0bac-4fca-8c6c-c01816ebdac8 [2026-06-26T05:44:17.844245] npm notice To update run: npm install -g npm@11.17.0 (STDOUT, STG)#
#2026 06 26 05:44:20.319#Z#DEBUG#ee763707-7121-11f1-8693-eeee0a91b9ef.epm-complete#flowable-async-job-executor-thread-18518#
[PollStageAppStatusExecution] 2a144cfe-0bac-4fca-8c6c-c01816ebdac8 [2026-06-26T05:44:17.844248] npm notice (STDOUT, STG)#
#2026 06 26 05:44:20.319#Z#DEBUG#ee763707-7121-11f1-8693-eeee0a91b9ef.epm-complete#flowable-async-job-executor-thread-18518#
[PollStageAppStatusExecution] 2a144cfe-0bac-4fca-8c6c-c01816ebdac8 [2026-06-26T05:44:18.413457] [31;1m**WARNING**[0m Unmet dependencies don't fail npm install but may cause runtime issues (STDOUT, STG)#
#2026 06 26 05:44:20.319#Z#DEBUG#ee763707-7121-11f1-8693-eeee0a91b9ef.epm-complete#flowable-async-job-executor-thread-18518#
[PollStageAppStatusExecution] 2a144cfe-0bac-4fca-8c6c-c01816ebdac8 [2026-06-26T05:44:18.413473] See: https://github.com/npm/npm/issues/7494 (STDOUT, STG)#
#2026 06 26 05:44:20.319#Z#DEBUG#ee763707-7121-11f1-8693-eeee0a91b9ef.epm-complete#flowable-async-job-executor-thread-18518#
[PollStageAppStatusExecution] 2a144cfe-0bac-4fca-8c6c-c01816ebdac8 [2026-06-26T05:44:18.430912] Contrast Security no credentials found. Will not write environment files. (STDOUT, STG)#
#2026 06 26 05:44:40.329#Z#DEBUG#ee763707-7121-11f1-8693-eeee0a91b9ef.epm-complete#flowable-async-job-executor-thread-18522#
[PollStageAppStatusExecution] 2a144cfe-0bac-4fca-8c6c-c01816ebdac8 [2026-06-26T05:44:31.352873] Exit status 0 (STDOUT, STG)#
#2026 06 26 05:44:40.329#Z#DEBUG#ee763707-7121-11f1-8693-eeee0a91b9ef.epm-complete#flowable-async-job-executor-thread-18522#
[PollStageAppStatusExecution] 2a144cfe-0bac-4fca-8c6c-c01816ebdac8 [2026-06-26T05:44:31.352919] Uploading droplet, build artifacts cache... (STDOUT, STG)#
#2026 06 26 05:44:40.329#Z#DEBUG#ee763707-7121-11f1-8693-eeee0a91b9ef.epm-complete#flowable-async-job-executor-thread-18522#
[PollStageAppStatusExecution] 2a144cfe-0bac-4fca-8c6c-c01816ebdac8 [2026-06-26T05:44:31.352968] Uploading droplet... (STDOUT, STG)#
#2026 06 26 05:44:40.329#Z#DEBUG#ee763707-7121-11f1-8693-eeee0a91b9ef.epm-complete#flowable-async-job-executor-thread-18522#
[PollStageAppStatusExecution] 2a144cfe-0bac-4fca-8c6c-c01816ebdac8 [2026-06-26T05:44:31.353] Uploading build artifacts cache... (STDOUT, STG)#
#2026 06 26 05:44:40.329#Z#DEBUG#ee763707-7121-11f1-8693-eeee0a91b9ef.epm-complete#flowable-async-job-executor-thread-18522#
[PollStageAppStatusExecution] 2a144cfe-0bac-4fca-8c6c-c01816ebdac8 [2026-06-26T05:44:31.518728] Uploaded build artifacts cache (8.4M) (STDOUT, STG)#
#2026 06 26 05:44:40.329#Z#DEBUG#ee763707-7121-11f1-8693-eeee0a91b9ef.epm-complete#flowable-async-job-executor-thread-18522#
[PollStageAppStatusExecution] 2a144cfe-0bac-4fca-8c6c-c01816ebdac8 [2026-06-26T05:44:32.289042] Creating droplet for app with guid 2a144cfe-0bac-4fca-8c6c-c01816ebdac8 (STDOUT, API)#
#2026 06 26 05:44:40.329#Z#DEBUG#ee763707-7121-11f1-8693-eeee0a91b9ef.epm-complete#flowable-async-job-executor-thread-18522#
[PollStageAppStatusExecution] 2a144cfe-0bac-4fca-8c6c-c01816ebdac8 [2026-06-26T05:44:34.387916] Uploaded droplet (65.1M) (STDOUT, STG)#
#2026 06 26 05:44:40.329#Z#DEBUG#ee763707-7121-11f1-8693-eeee0a91b9ef.epm-complete#flowable-async-job-executor-thread-18522#
[PollStageAppStatusExecution] 2a144cfe-0bac-4fca-8c6c-c01816ebdac8 [2026-06-26T05:44:34.414932] Uploading complete (STDOUT, STG)#
#2026 06 26 05:44:40.329#Z#DEBUG#ee763707-7121-11f1-8693-eeee0a91b9ef.epm-complete#flowable-async-job-executor-thread-18522#
[PollStageAppStatusExecution] 2a144cfe-0bac-4fca-8c6c-c01816ebdac8 [2026-06-26T05:44:34.943268] Cell 4401fcd0-006d-4ceb-9b51-aa22a1b186cf stopping instance 9213cf39-eafb-4317-ba88-0f14540d72a2 (STDOUT, STG)#
#2026 06 26 05:44:40.329#Z#DEBUG#ee763707-7121-11f1-8693-eeee0a91b9ef.epm-complete#flowable-async-job-executor-thread-18522#
[PollStageAppStatusExecution] 2a144cfe-0bac-4fca-8c6c-c01816ebdac8 [2026-06-26T05:44:34.943298] Cell 4401fcd0-006d-4ceb-9b51-aa22a1b186cf destroying container for instance 9213cf39-eafb-4317-ba88-0f14540d72a2 (STDOUT, STG)#
#2026 06 26 05:44:40.329#Z#DEBUG#ee763707-7121-11f1-8693-eeee0a91b9ef.epm-complete#flowable-async-job-executor-thread-18522#
[PollStageAppStatusExecution] 2a144cfe-0bac-4fca-8c6c-c01816ebdac8 [2026-06-26T05:44:35.010891] Staging complete for build 9213cf39-eafb-4317-ba88-0f14540d72a2 (STDOUT, API)#
#2026 06 26 05:44:40.329#Z#DEBUG#ee763707-7121-11f1-8693-eeee0a91b9ef.epm-complete#flowable-async-job-executor-thread-18522#
[PollStageAppStatusExecution] 2a144cfe-0bac-4fca-8c6c-c01816ebdac8 [2026-06-26T05:44:37.975859] Cell 4401fcd0-006d-4ceb-9b51-aa22a1b186cf successfully destroyed container for instance 9213cf39-eafb-4317-ba88-0f14540d72a2 (STDOUT, STG)#
#2026 06 26 05:44:50.353#Z#DEBUG#ee763707-7121-11f1-8693-eeee0a91b9ef.epm-complete#flowable-async-job-executor-thread-18525#
[PollStartAppStatusExecution] 2a144cfe-0bac-4fca-8c6c-c01816ebdac8 [2026-06-26T05:44:40.445285] Updated app with guid 2a144cfe-0bac-4fca-8c6c-c01816ebdac8 ({:droplet_guid=>"e396664e-86e4-4ac2-9ca4-e42a472af230"}) (STDOUT, API)#
#2026 06 26 05:44:50.353#Z#DEBUG#ee763707-7121-11f1-8693-eeee0a91b9ef.epm-complete#flowable-async-job-executor-thread-18525#
[PollStartAppStatusExecution] 2a144cfe-0bac-4fca-8c6c-c01816ebdac8 [2026-06-26T05:44:40.626701] Creating revision for app with guid 2a144cfe-0bac-4fca-8c6c-c01816ebdac8 (STDOUT, API)#
#2026 06 26 05:44:50.353#Z#DEBUG#ee763707-7121-11f1-8693-eeee0a91b9ef.epm-complete#flowable-async-job-executor-thread-18525#
[PollStartAppStatusExecution] 2a144cfe-0bac-4fca-8c6c-c01816ebdac8 [2026-06-26T05:44:40.670632] Starting app with guid 2a144cfe-0bac-4fca-8c6c-c01816ebdac8 (STDOUT, API)#
#2026 06 26 05:44:50.353#Z#DEBUG#ee763707-7121-11f1-8693-eeee0a91b9ef.epm-complete#flowable-async-job-executor-thread-18525#
[PollStartAppStatusExecution] 2a144cfe-0bac-4fca-8c6c-c01816ebdac8 [2026-06-26T05:44:40.927768] Cell 4401fcd0-006d-4ceb-9b51-aa22a1b186cf creating container for instance 006fe059-3fcb-4760-4569-7320 (STDOUT, CELL)#
#2026 06 26 05:44:50.353#Z#DEBUG#ee763707-7121-11f1-8693-eeee0a91b9ef.epm-complete#flowable-async-job-executor-thread-18525#
[PollStartAppStatusExecution] 2a144cfe-0bac-4fca-8c6c-c01816ebdac8 [2026-06-26T05:44:41.687828] Security group rules were updated (STDOUT, CELL)#
#2026 06 26 05:44:50.353#Z#DEBUG#ee763707-7121-11f1-8693-eeee0a91b9ef.epm-complete#flowable-async-job-executor-thread-18525#
[PollStartAppStatusExecution] 2a144cfe-0bac-4fca-8c6c-c01816ebdac8 [2026-06-26T05:44:41.793809] Cell 4401fcd0-006d-4ceb-9b51-aa22a1b186cf successfully created container for instance 006fe059-3fcb-4760-4569-7320 (STDOUT, CELL)#
#2026 06 26 05:44:50.353#Z#DEBUG#ee763707-7121-11f1-8693-eeee0a91b9ef.epm-complete#flowable-async-job-executor-thread-18525#
[PollStartAppStatusExecution] 2a144cfe-0bac-4fca-8c6c-c01816ebdac8 [2026-06-26T05:44:42.233203] Downloading droplet... (STDOUT, CELL)#
#2026 06 26 05:44:50.353#Z#DEBUG#ee763707-7121-11f1-8693-eeee0a91b9ef.epm-complete#flowable-async-job-executor-thread-18525#
[PollStartAppStatusExecution] 2a144cfe-0bac-4fca-8c6c-c01816ebdac8 [2026-06-26T05:44:48.051595] Downloaded droplet (65.1M) (STDOUT, CELL)#
#2026 06 26 05:44:50.353#Z#DEBUG#ee763707-7121-11f1-8693-eeee0a91b9ef.epm-complete#flowable-async-job-executor-thread-18525#
[PollStartAppStatusExecution] 2a144cfe-0bac-4fca-8c6c-c01816ebdac8 [2026-06-26T05:44:48.051895] Starting health monitoring of container (STDOUT, CELL)#
#2026 06 26 05:44:50.353#Z#DEBUG#ee763707-7121-11f1-8693-eeee0a91b9ef.epm-complete#flowable-async-job-executor-thread-18525#
[PollStartAppStatusExecution] 2a144cfe-0bac-4fca-8c6c-c01816ebdac8 [2026-06-26T05:44:48.180349] Invoking pre-start scripts. (STDOUT, APP/PROC/WEB)#
#2026 06 26 05:44:50.353#Z#DEBUG#ee763707-7121-11f1-8693-eeee0a91b9ef.epm-complete#flowable-async-job-executor-thread-18525#
[PollStartAppStatusExecution] 2a144cfe-0bac-4fca-8c6c-c01816ebdac8 [2026-06-26T05:44:48.450719] Invoking start command. (STDOUT, APP/PROC/WEB)#
#2026 06 26 05:44:50.353#Z#DEBUG#ee763707-7121-11f1-8693-eeee0a91b9ef.epm-complete#flowable-async-job-executor-thread-18525#
[PollStartAppStatusExecution] 2a144cfe-0bac-4fca-8c6c-c01816ebdac8 [2026-06-26T05:44:48.921795] > start (STDOUT, APP/PROC/WEB)#
#2026 06 26 05:44:50.353#Z#DEBUG#ee763707-7121-11f1-8693-eeee0a91b9ef.epm-complete#flowable-async-job-executor-thread-18525#
[PollStartAppStatusExecution] 2a144cfe-0bac-4fca-8c6c-c01816ebdac8 [2026-06-26T05:44:48.921812] > node node_modules/@sap/approuter/approuter.js (STDOUT, APP/PROC/WEB)#
#2026 06 26 05:44:50.353#Z#DEBUG#ee763707-7121-11f1-8693-eeee0a91b9ef.epm-complete#flowable-async-job-executor-thread-18525#
[PollStartAppStatusExecution] 2a144cfe-0bac-4fca-8c6c-c01816ebdac8 [2026-06-26T05:44:49.119112] {"written_at":"2026-06-26T05:44:49.117Z","written_ts":1782452689117000000,"csn_component":"-","correlation_id":"-","type":"log","logger":"nodejs-logger","layer":"/LoggingLibrary","level":"warning","container_id":"10.32.3.5","component_type":"application","component_id":"2a144cfe-0bac-4fca-8c6c-c01816ebdac8","component_name":"epm-complete","component_instance":-1,"source_instance":-1,"organization_id":"d1bde66a-4c76-43dc-b5ae-7dc5eba1093d","organization_name":"310fbaf2trial","space_id":"2547ab4b-5b27-4fd3-bd52-5c56c883f32b","space_name":"dev","context_id":"","msg":"Dynamic log level switching not available"} (STDOUT, APP/PROC/WEB)#
#2026 06 26 05:44:50.353#Z#DEBUG#ee763707-7121-11f1-8693-eeee0a91b9ef.epm-complete#flowable-async-job-executor-thread-18525#
[PollStartAppStatusExecution] 2a144cfe-0bac-4fca-8c6c-c01816ebdac8 [2026-06-26T05:44:49.649110] {"written_at":"2026-06-26T05:44:49.648Z","written_ts":1782452689648000000,"csn_component":"-","correlation_id":"mquib5kg","type":"log","logger":"nodejs-logger","layer":"/approuter","level":"info","container_id":"10.32.3.5","component_type":"application","component_id":"2a144cfe-0bac-4fca-8c6c-c01816ebdac8","component_name":"epm-complete","component_instance":-1,"source_instance":-1,"organization_id":"d1bde66a-4c76-43dc-b5ae-7dc5eba1093d","organization_name":"310fbaf2trial","space_id":"2547ab4b-5b27-4fd3-bd52-5c56c883f32b","space_name":"dev","context_id":"mquib5kg","msg":"Application router version 21.5.0"} (STDOUT, APP/PROC/WEB)#
#2026 06 26 05:44:50.353#Z#DEBUG#ee763707-7121-11f1-8693-eeee0a91b9ef.epm-complete#flowable-async-job-executor-thread-18525#
[PollStartAppStatusExecution] 2a144cfe-0bac-4fca-8c6c-c01816ebdac8 [2026-06-26T05:44:49.652879] {"written_at":"2026-06-26T05:44:49.652Z","written_ts":1782452689652000000,"csn_component":"-","correlation_id":"mquib5kk","type":"log","logger":"nodejs-logger","layer":"/Configuration","level":"info","container_id":"10.32.3.5","component_type":"application","component_id":"2a144cfe-0bac-4fca-8c6c-c01816ebdac8","component_name":"epm-complete","component_instance":-1,"source_instance":-1,"organization_id":"d1bde66a-4c76-43dc-b5ae-7dc5eba1093d","organization_name":"310fbaf2trial","space_id":"2547ab4b-5b27-4fd3-bd52-5c56c883f32b","space_name":"dev","context_id":"mquib5kk","msg":"No COOKIES environment variable"} (STDOUT, APP/PROC/WEB)#
#2026 06 26 05:44:50.353#Z#DEBUG#ee763707-7121-11f1-8693-eeee0a91b9ef.epm-complete#flowable-async-job-executor-thread-18525#
[PollStartAppStatusExecution] 2a144cfe-0bac-4fca-8c6c-c01816ebdac8 [2026-06-26T05:44:49.706692] {"written_at":"2026-06-26T05:44:49.706Z","written_ts":1782452689706000000,"csn_component":"-","correlation_id":"mquib5kg","type":"log","logger":"nodejs-logger","layer":"/approuter","level":"info","container_id":"10.32.3.5","component_type":"application","component_id":"2a144cfe-0bac-4fca-8c6c-c01816ebdac8","component_name":"epm-complete","component_instance":-1,"source_instance":-1,"organization_id":"d1bde66a-4c76-43dc-b5ae-7dc5eba1093d","organization_name":"310fbaf2trial","space_id":"2547ab4b-5b27-4fd3-bd52-5c56c883f32b","space_name":"dev","context_id":"mquib5kg","msg":"Application router is listening on port: 8080"} (STDOUT, APP/PROC/WEB)#
#2026 06 26 05:45:00.460#Z#DEBUG#ee763707-7121-11f1-8693-eeee0a91b9ef.epm-complete#flowable-async-job-executor-thread-18527#
[PollStartAppStatusExecution] 2a144cfe-0bac-4fca-8c6c-c01816ebdac8 [2026-06-26T05:44:51.708876] Container became healthy (STDOUT, CELL)#
#2026 06 26 05:45:00.460#Z#DEBUG#ee763707-7121-11f1-8693-eeee0a91b9ef.epm-complete#flowable-async-job-executor-thread-18527#
[PollStartAppStatusExecution] 2a144cfe-0bac-4fca-8c6c-c01816ebdac8 [2026-06-26T05:44:51.742670] Process became ready with guid 2a144cfe-0bac-4fca-8c6c-c01816ebdac8 payload: {"instance"=>"006fe059-3fcb-4760-4569-7320", "index"=>0, "cell_id"=>"4401fcd0-006d-4ceb-9b51-aa22a1b186cf", "ready"=>true, "version"=>"9db2e428-54a5-4810-a19b-bbbca907cfb2"} (STDOUT, API)#
